2026-04-16 16:45:52,162 | INFO     | bot | Connecting to exchange...
2026-04-16 21:36:24,942 | INFO     | bot | Connecting to exchange...
2026-04-16 21:36:24,964 | WARNING  | data_feed | !!! LEGACY TESTNET DETECTED !!!
2026-04-16 21:36:24,965 | WARNING  | data_feed | Binance has deprecated the legacy Futures Testnet.
2026-04-16 21:37:11,976 | INFO     | bot | Connecting to exchange...
2026-04-16 21:37:29,736 | INFO     | bot | Connected | Balance: $0.00
2026-04-16 21:37:29,738 | INFO     | bot | Loading live context for DOT/USDT...
2026-04-16 21:37:29,738 | INFO     | bot | Loading live context for LINK/USDT...
2026-04-16 21:37:29,739 | INFO     | bot | Loading live context for NEAR/USDT...
2026-04-16 21:38:08,925 | ERROR    | bot | Symbol loop error (DOT/USDT): 'EMA_21'
Traceback (most recent call last):
  File "C:\Users\dell\crypto-bot\venv\Lib\site-packages\pandas\core\indexes\base.py", line 3641, in get_loc
    return self._engine.get_loc(casted_key)
           ~~~~~~~~~~~~~~~~~~~~^^^^^^^^^^^^
  File "pandas/_libs/index.pyx", line 168, in pandas._libs.index.IndexEngine.get_loc
  File "pandas/_libs/index.pyx", line 197, in pandas._libs.index.IndexEngine.get_loc
  File "pandas/_libs/hashtable_class_helper.pxi", line 7668, in pandas._libs.hashtable.PyObjectHashTable.get_item
  File "pandas/_libs/hashtable_class_helper.pxi", line 7676, in pandas._libs.hashtable.PyObjectHashTable.get_item
KeyError: 'EMA_21'

The above exception was the direct cause of the following exception:

Traceback (most recent call last):
  File "C:\Users\dell\crypto-bot\bot.py", line 405, in run
    attempt_entry(
    ~~~~~~~~~~~~~^
        sym, df_15m, df_1h, risk_mgr, balance,
        ^^^^^^^^^^^^^^^^^^^^^^^^^^^^^^^^^^^^^^
        open_trades, cooldowns, exchange,
        ^^^^^^^^^^^^^^^^^^^^^^^^^^^^^^^^^
    )
    ^
  File "C:\Users\dell\crypto-bot\bot.py", line 206, in attempt_entry
    ema21            = df_15m['EMA_21'].iloc[-1]
                       ~~~~~~^^^^^^^^^^
  File "C:\Users\dell\crypto-bot\venv\Lib\site-packages\pandas\core\frame.py", line 4378, in __getitem__
    indexer = self.columns.get_loc(key)
  File "C:\Users\dell\crypto-bot\venv\Lib\site-packages\pandas\core\indexes\base.py", line 3648, in get_loc
    raise KeyError(key) from err
KeyError: 'EMA_21'
2026-04-16 21:38:13,616 | ERROR    | bot | Symbol loop error (LINK/USDT): 'EMA_21'
Traceback (most recent call last):
  File "C:\Users\dell\crypto-bot\venv\Lib\site-packages\pandas\core\indexes\base.py", line 3641, in get_loc
    return self._engine.get_loc(casted_key)
           ~~~~~~~~~~~~~~~~~~~~^^^^^^^^^^^^
  File "pandas/_libs/index.pyx", line 168, in pandas._libs.index.IndexEngine.get_loc
  File "pandas/_libs/index.pyx", line 197, in pandas._libs.index.IndexEngine.get_loc
  File "pandas/_libs/hashtable_class_helper.pxi", line 7668, in pandas._libs.hashtable.PyObjectHashTable.get_item
  File "pandas/_libs/hashtable_class_helper.pxi", line 7676, in pandas._libs.hashtable.PyObjectHashTable.get_item
KeyError: 'EMA_21'

The above exception was the direct cause of the following exception:

Traceback (most recent call last):
  File "C:\Users\dell\crypto-bot\bot.py", line 405, in run
    attempt_entry(
    ~~~~~~~~~~~~~^
        sym, df_15m, df_1h, risk_mgr, balance,
        ^^^^^^^^^^^^^^^^^^^^^^^^^^^^^^^^^^^^^^
        open_trades, cooldowns, exchange,
        ^^^^^^^^^^^^^^^^^^^^^^^^^^^^^^^^^
    )
    ^
  File "C:\Users\dell\crypto-bot\bot.py", line 206, in attempt_entry
    ema21            = df_15m['EMA_21'].iloc[-1]
                       ~~~~~~^^^^^^^^^^
  File "C:\Users\dell\crypto-bot\venv\Lib\site-packages\pandas\core\frame.py", line 4378, in __getitem__
    indexer = self.columns.get_loc(key)
  File "C:\Users\dell\crypto-bot\venv\Lib\site-packages\pandas\core\indexes\base.py", line 3648, in get_loc
    raise KeyError(key) from err
KeyError: 'EMA_21'
2026-04-16 21:38:14,323 | INFO     | bot | Connecting to exchange...
2026-04-16 21:38:17,728 | ERROR    | bot | Symbol loop error (NEAR/USDT): 'EMA_21'
Traceback (most recent call last):
  File "C:\Users\dell\crypto-bot\venv\Lib\site-packages\pandas\core\indexes\base.py", line 3641, in get_loc
    return self._engine.get_loc(casted_key)
           ~~~~~~~~~~~~~~~~~~~~^^^^^^^^^^^^
  File "pandas/_libs/index.pyx", line 168, in pandas._libs.index.IndexEngine.get_loc
  File "pandas/_libs/index.pyx", line 197, in pandas._libs.index.IndexEngine.get_loc
  File "pandas/_libs/hashtable_class_helper.pxi", line 7668, in pandas._libs.hashtable.PyObjectHashTable.get_item
  File "pandas/_libs/hashtable_class_helper.pxi", line 7676, in pandas._libs.hashtable.PyObjectHashTable.get_item
KeyError: 'EMA_21'

The above exception was the direct cause of the following exception:

Traceback (most recent call last):
  File "C:\Users\dell\crypto-bot\bot.py", line 405, in run
    attempt_entry(
    ~~~~~~~~~~~~~^
        sym, df_15m, df_1h, risk_mgr, balance,
        ^^^^^^^^^^^^^^^^^^^^^^^^^^^^^^^^^^^^^^
        open_trades, cooldowns, exchange,
        ^^^^^^^^^^^^^^^^^^^^^^^^^^^^^^^^^
    )
    ^
  File "C:\Users\dell\crypto-bot\bot.py", line 206, in attempt_entry
    ema21            = df_15m['EMA_21'].iloc[-1]
                       ~~~~~~^^^^^^^^^^
  File "C:\Users\dell\crypto-bot\venv\Lib\site-packages\pandas\core\frame.py", line 4378, in __getitem__
    indexer = self.columns.get_loc(key)
  File "C:\Users\dell\crypto-bot\venv\Lib\site-packages\pandas\core\indexes\base.py", line 3648, in get_loc
    raise KeyError(key) from err
KeyError: 'EMA_21'
2026-04-16 21:38:33,085 | INFO     | bot | Connected | Balance: $0.00
2026-04-16 21:38:33,087 | INFO     | bot | Loading live context for DOT/USDT...
2026-04-16 21:38:33,088 | INFO     | bot | Loading live context for LINK/USDT...
2026-04-16 21:38:33,088 | INFO     | bot | Loading live context for NEAR/USDT...
2026-04-16 21:38:36,889 | INFO     | bot | 
[SYSTEM] Bot is live with fully optimized Trend-Pullback logic.

2026-04-16 21:39:11,073 | ERROR    | bot | Symbol loop error (DOT/USDT): 'EMA_21'
Traceback (most recent call last):
  File "C:\Users\dell\crypto-bot\venv\Lib\site-packages\pandas\core\indexes\base.py", line 3641, in get_loc
    return self._engine.get_loc(casted_key)
           ~~~~~~~~~~~~~~~~~~~~^^^^^^^^^^^^
  File "pandas/_libs/index.pyx", line 168, in pandas._libs.index.IndexEngine.get_loc
  File "pandas/_libs/index.pyx", line 197, in pandas._libs.index.IndexEngine.get_loc
  File "pandas/_libs/hashtable_class_helper.pxi", line 7668, in pandas._libs.hashtable.PyObjectHashTable.get_item
  File "pandas/_libs/hashtable_class_helper.pxi", line 7676, in pandas._libs.hashtable.PyObjectHashTable.get_item
KeyError: 'EMA_21'

The above exception was the direct cause of the following exception:

Traceback (most recent call last):
  File "C:\Users\dell\crypto-bot\bot.py", line 405, in run
    attempt_entry(
    ~~~~~~~~~~~~~^
        sym, df_15m, df_1h, risk_mgr, balance,
        ^^^^^^^^^^^^^^^^^^^^^^^^^^^^^^^^^^^^^^
        open_trades, cooldowns, exchange,
        ^^^^^^^^^^^^^^^^^^^^^^^^^^^^^^^^^
    )
    ^
  File "C:\Users\dell\crypto-bot\bot.py", line 206, in attempt_entry
    ema21            = df_15m['EMA_21'].iloc[-1]
                       ~~~~~~^^^^^^^^^^
  File "C:\Users\dell\crypto-bot\venv\Lib\site-packages\pandas\core\frame.py", line 4378, in __getitem__
    indexer = self.columns.get_loc(key)
  File "C:\Users\dell\crypto-bot\venv\Lib\site-packages\pandas\core\indexes\base.py", line 3648, in get_loc
    raise KeyError(key) from err
KeyError: 'EMA_21'
2026-04-16 21:39:14,972 | ERROR    | bot | Symbol loop error (LINK/USDT): 'EMA_21'
Traceback (most recent call last):
  File "C:\Users\dell\crypto-bot\venv\Lib\site-packages\pandas\core\indexes\base.py", line 3641, in get_loc
    return self._engine.get_loc(casted_key)
           ~~~~~~~~~~~~~~~~~~~~^^^^^^^^^^^^
  File "pandas/_libs/index.pyx", line 168, in pandas._libs.index.IndexEngine.get_loc
  File "pandas/_libs/index.pyx", line 197, in pandas._libs.index.IndexEngine.get_loc
  File "pandas/_libs/hashtable_class_helper.pxi", line 7668, in pandas._libs.hashtable.PyObjectHashTable.get_item
  File "pandas/_libs/hashtable_class_helper.pxi", line 7676, in pandas._libs.hashtable.PyObjectHashTable.get_item
KeyError: 'EMA_21'

The above exception was the direct cause of the following exception:

Traceback (most recent call last):
  File "C:\Users\dell\crypto-bot\bot.py", line 405, in run
    attempt_entry(
    ~~~~~~~~~~~~~^
        sym, df_15m, df_1h, risk_mgr, balance,
        ^^^^^^^^^^^^^^^^^^^^^^^^^^^^^^^^^^^^^^
        open_trades, cooldowns, exchange,
        ^^^^^^^^^^^^^^^^^^^^^^^^^^^^^^^^^
    )
    ^
  File "C:\Users\dell\crypto-bot\bot.py", line 206, in attempt_entry
    ema21            = df_15m['EMA_21'].iloc[-1]
                       ~~~~~~^^^^^^^^^^
  File "C:\Users\dell\crypto-bot\venv\Lib\site-packages\pandas\core\frame.py", line 4378, in __getitem__
    indexer = self.columns.get_loc(key)
  File "C:\Users\dell\crypto-bot\venv\Lib\site-packages\pandas\core\indexes\base.py", line 3648, in get_loc
    raise KeyError(key) from err
KeyError: 'EMA_21'
2026-04-16 21:39:18,816 | ERROR    | bot | Symbol loop error (NEAR/USDT): 'EMA_21'
Traceback (most recent call last):
  File "C:\Users\dell\crypto-bot\venv\Lib\site-packages\pandas\core\indexes\base.py", line 3641, in get_loc
    return self._engine.get_loc(casted_key)
           ~~~~~~~~~~~~~~~~~~~~^^^^^^^^^^^^
  File "pandas/_libs/index.pyx", line 168, in pandas._libs.index.IndexEngine.get_loc
  File "pandas/_libs/index.pyx", line 197, in pandas._libs.index.IndexEngine.get_loc
  File "pandas/_libs/hashtable_class_helper.pxi", line 7668, in pandas._libs.hashtable.PyObjectHashTable.get_item
  File "pandas/_libs/hashtable_class_helper.pxi", line 7676, in pandas._libs.hashtable.PyObjectHashTable.get_item
KeyError: 'EMA_21'

The above exception was the direct cause of the following exception:

Traceback (most recent call last):
  File "C:\Users\dell\crypto-bot\bot.py", line 405, in run
    attempt_entry(
    ~~~~~~~~~~~~~^
        sym, df_15m, df_1h, risk_mgr, balance,
        ^^^^^^^^^^^^^^^^^^^^^^^^^^^^^^^^^^^^^^
        open_trades, cooldowns, exchange,
        ^^^^^^^^^^^^^^^^^^^^^^^^^^^^^^^^^
    )
    ^
  File "C:\Users\dell\crypto-bot\bot.py", line 206, in attempt_entry
    ema21            = df_15m['EMA_21'].iloc[-1]
                       ~~~~~~^^^^^^^^^^
  File "C:\Users\dell\crypto-bot\venv\Lib\site-packages\pandas\core\frame.py", line 4378, in __getitem__
    indexer = self.columns.get_loc(key)
  File "C:\Users\dell\crypto-bot\venv\Lib\site-packages\pandas\core\indexes\base.py", line 3648, in get_loc
    raise KeyError(key) from err
KeyError: 'EMA_21'
2026-04-16 21:42:45,087 | INFO     | bot | Connecting to exchange...
2026-04-16 21:43:03,313 | INFO     | bot | Connected | Balance: $0.00
2026-04-16 21:43:03,315 | INFO     | bot | Loading live context for DOT/USDT...
2026-04-16 21:43:03,315 | INFO     | bot | Loading live context for LINK/USDT...
2026-04-16 21:43:03,316 | INFO     | bot | Loading live context for NEAR/USDT...
2026-04-16 21:43:07,631 | INFO     | bot | 
[SYSTEM] Bot is live with fully optimized Trend-Pullback logic.

2026-04-16 21:49:33,892 | INFO     | bot | Connecting to exchange...
2026-04-16 21:49:38,322 | ERROR    | data_feed | Connection failed: binance {"code":-2008,"msg":"Invalid Api-Key ID."}
2026-04-16 21:50:26,073 | INFO     | bot | Connecting to exchange...
2026-04-16 21:50:26,087 | INFO     | data_feed | [CONNECTION] Activating Binance Demo/Testnet URLs...
2026-04-16 21:50:28,912 | ERROR    | data_feed | Connection failed: binance {"code":-2008,"msg":"Invalid Api-Key ID."}
2026-04-16 21:50:57,685 | INFO     | bot | Connecting to exchange...
2026-04-16 21:50:57,685 | INFO     | data_feed | [DIAGNOSTIC] Checking API Key Signature: PsyL0N...
2026-04-16 21:50:57,699 | INFO     | data_feed | [CONNECTION] Activating Binance Demo/Testnet URLs...
2026-04-16 21:51:00,865 | ERROR    | data_feed | Connection failed: binance {"code":-2008,"msg":"Invalid Api-Key ID."}
2026-04-16 21:52:57,401 | INFO     | bot | Connecting to exchange...
2026-04-16 21:52:57,428 | INFO     | data_feed | [CONNECTION] Activating Binance Demo/Testnet URLs...
2026-04-16 21:53:01,027 | ERROR    | data_feed | Connection failed: binance {"code":-2008,"msg":"Invalid Api-Key ID."}
2026-04-16 21:54:26,575 | INFO     | bot | Connecting to exchange...
2026-04-16 21:54:26,592 | INFO     | data_feed | [CONNECTION] Enforcing Futures-Only Testnet Mode...
2026-04-16 21:54:29,876 | ERROR    | data_feed | Connection failed: binance {"code":-5000,"msg":"Path /fapi/capital/config/getall, Method GET is invalid"}
2026-04-16 21:55:24,661 | INFO     | bot | Connecting to exchange...
2026-04-16 21:55:24,679 | INFO     | data_feed | [CONNECTION] Activating Binance Futures Testnet URLs...
2026-04-16 21:55:30,402 | ERROR    | data_feed | Connection failed: binance {"code":-2008,"msg":"Invalid Api-Key ID."}
2026-04-16 21:56:05,560 | INFO     | bot | Connecting to exchange...
2026-04-16 21:56:10,977 | ERROR    | data_feed | Connection failed: binance {"code":-2008,"msg":"Invalid Api-Key ID."}
2026-04-16 22:03:17,865 | INFO     | bot | Connecting to exchange...
2026-04-16 22:03:17,891 | INFO     | data_feed | [CONNECTION] Activating Modern Demo-FAPI Hub...
2026-04-16 22:03:31,021 | ERROR    | data_feed | Connection failed: binance {"code":-2008,"msg":"Invalid Api-Key ID."}
2026-04-16 22:04:39,843 | INFO     | bot | Connecting to exchange...
2026-04-16 22:04:39,859 | INFO     | data_feed | [CONNECTION] Activating Modern Demo-FAPI Hub...
2026-04-16 22:04:45,741 | ERROR    | data_feed | Connection failed: binance {"code":-2008,"msg":"Invalid Api-Key ID."}
2026-04-16 22:06:06,949 | INFO     | bot | Connecting to exchange...
2026-04-16 22:06:06,964 | INFO     | data_feed | [CONNECTION] Activating Modern Demo-FAPI Hub...
2026-04-16 22:06:14,604 | ERROR    | data_feed | Connection failed: binance {"code":-5000,"msg":"Path /fapi/exchangeInfo, Method GET is invalid"}
2026-04-16 22:06:42,768 | INFO     | bot | Connecting to exchange...
2026-04-16 22:06:42,785 | INFO     | data_feed | [CONNECTION] Activating Modern Demo-FAPI Hub...
2026-04-16 22:06:49,862 | ERROR    | data_feed | Connection failed: binance GET https://demo-fapi.binance.com/exchangeInfo 403 Forbidden <html>
<head><title>403 Forbidden</title></head>
<body>
<center><h1>403 Forbidden</h1></center>
</body>
</html>
2026-04-16 22:07:28,733 | INFO     | bot | Connecting to exchange...
2026-04-16 22:07:28,755 | INFO     | data_feed | [CONNECTION] Activating Hybrid Demo-FAPI Mode (Safe Scanning)...
2026-04-16 22:07:39,259 | INFO     | data_feed | [CONNECTION] Connected | Public: Production | Private: Demo
2026-04-16 22:08:02,628 | INFO     | bot | Connecting to exchange...
2026-04-16 22:08:02,643 | INFO     | data_feed | [CONNECTION] Activating Hybrid Demo-FAPI Mode (Safe Scanning)...
2026-04-16 22:08:11,971 | ERROR    | data_feed | Connection failed: binance {"code":-2008,"msg":"Invalid Api-Key ID."}
